<?xml version="1.0" encoding="UTF-8"?>
<testsuite xmlns:xsi="http://www.w3.org/2001/XMLSchema-instance" xsi:noNamespaceSchemaLocation="https://maven.apache.org/surefire/maven-surefire-plugin/xsd/surefire-test-report.xsd" name="test.com.dh.clinica.paciente.service.PacienteServiceTest" time="1.91" tests="3" errors="0" skipped="0" failures="0">
  <properties>
[...]
</properties>
  <testcase name="agregarYBuscarPacienteTest" classname="test.com.dh.clinica.paciente.service.PacienteServiceTest" time="0.09"/>
  <testcase name="eliminarPacienteTest" classname="test.com.dh.clinica.paciente.service.PacienteServiceTest" time="0.015"/>
  <testcase name="traerTodos" classname="test.com.dh.clinica.paciente.service.PacienteServiceTest" time="0.23"/>
</testsuite>